<?xml version="1.0" encoding="UTF-8"?>
<!-- Generated by org.testng.reporters.JUnitReportReporter -->
<testsuite hostname="Danny" name="Academy.HomePage" tests="2" failures="0" timestamp="22 Jun 2019 20:02:12 GMT" time="13.891" errors="0">
  <testcase name="basePageNavigation" time="9.362" classname="Academy.HomePage"/>
  <testcase name="basePageNavigation" time="4.529" classname="Academy.HomePage"/>
</testsuite> <!-- Academy.HomePage -->
