<?xml version="1.0" encoding="UTF-8"?>
<!-- Generated by org.testng.reporters.JUnitReportReporter -->
<testsuite hostname="Danny" name="Academy.ValidateNavigationbar" tests="1" failures="0" timestamp="22 Jun 2019 20:02:12 GMT" time="0.098" errors="0">
  <testcase name="basePageNavigation" time="0.098" classname="Academy.ValidateNavigationbar"/>
</testsuite> <!-- Academy.ValidateNavigationbar -->
