<?xml version="1.0" encoding="UTF-8"?>
<!-- Generated by org.testng.reporters.JUnitReportReporter -->
<testsuite hostname="Danny" name="Academy.HomePage" tests="2" failures="0" timestamp="5 Jul 2019 15:43:59 GMT" time="20.026" errors="0">
  <testcase name="basePageNavigation" time="14.298" classname="Academy.HomePage"/>
  <testcase name="basePageNavigation" time="5.728" classname="Academy.HomePage"/>
</testsuite> <!-- Academy.HomePage -->
