<?xml version="1.0" encoding="UTF-8"?>
<!-- Generated by org.testng.reporters.JUnitReportReporter -->
<testsuite hostname="Danny" name="Academy.ValidateTitle" tests="1" failures="0" timestamp="5 Jul 2019 15:43:59 GMT" time="6.068" errors="0">
  <testcase name="ValidateAppTitle" time="6.068" classname="Academy.ValidateTitle"/>
</testsuite> <!-- Academy.ValidateTitle -->
