<?xml version="1.0" encoding="UTF-8"?>
<!-- Generated by org.testng.reporters.JUnitReportReporter -->
<testsuite hostname="Danny" name="Academy.ValidateNavigationbar" tests="1" failures="0" timestamp="5 Jul 2019 15:43:59 GMT" time="0.424" errors="0">
  <testcase name="ValidateAppNavbar" time="0.424" classname="Academy.ValidateNavigationbar"/>
</testsuite> <!-- Academy.ValidateNavigationbar -->
